#
# There is insufficient memory for the Java Runtime Environment to continue.
# Native memory allocation (malloc) failed to allocate 32744 bytes for ChunkPool::allocate
# Possible reasons:
#   The system is out of physical RAM or swap space
#   The process is running with CompressedOops enabled, and the Java Heap may be blocking the growth of the native heap
# Possible solutions:
#   Reduce memory load on the system
#   Increase physical memory or swap space
#   Check if swap backing store is full
#   Decrease Java heap size (-Xmx/-Xms)
#   Decrease number of Java threads
#   Decrease Java thread stack sizes (-Xss)
#   Set larger code cache with -XX:ReservedCodeCacheSize=
#   JVM is running with Zero Based Compressed Oops mode in which the Java heap is
#     placed in the first 32GB address space. The Java Heap base address is the
#     maximum limit for the native heap growth. Please use -XX:HeapBaseMinAddress
#     to set the Java Heap base and to place the Java Heap above 32GB virtual address.
# This output file may be truncated or incomplete.
#
#  Out of Memory Error (allocation.cpp:272), pid=11824, tid=0x0000000000002f6c
#
# JRE version: Java(TM) SE Runtime Environment (8.0_281-b09) (build 1.8.0_281-b09)
# Java VM: Java HotSpot(TM) 64-Bit Server VM (25.281-b09 mixed mode windows-amd64 compressed oops)
# Failed to write core dump. Minidumps are not enabled by default on client versions of Windows
#

---------------  T H R E A D  ---------------

Current thread (0x000002767e5d4800):  JavaThread "C2 CompilerThread0" daemon [_thread_in_native, id=12140, stack(0x000000ac57200000,0x000000ac57300000)]

Stack: [0x000000ac57200000,0x000000ac57300000]
Native frames: (J=compiled Java code, j=interpreted, Vv=VM code, C=native code)
V  [jvm.dll+0x32e5b9]
V  [jvm.dll+0x275012]
V  [jvm.dll+0x275cbd]
V  [jvm.dll+0x26c6f5]
V  [jvm.dll+0xd569d]
V  [jvm.dll+0xd59fc]
V  [jvm.dll+0xd554d]
V  [jvm.dll+0x4c5d1f]
V  [jvm.dll+0x423043]
V  [jvm.dll+0x4dc24b]
V  [jvm.dll+0x442387]
V  [jvm.dll+0x43f664]
V  [jvm.dll+0x42a5e7]
V  [jvm.dll+0xabe9b]
V  [jvm.dll+0xaa4fb]
V  [jvm.dll+0x23d6b2]
V  [jvm.dll+0x291cbc]
C  [ucrtbase.dll+0x210b2]
C  [KERNEL32.DLL+0x17c24]
C  [ntdll.dll+0x6d721]


Current CompileTask:
C2:    508  142 %     4       java.lang.String::lastIndexOf @ 21 (52 bytes)


---------------  P R O C E S S  ---------------

Java Threads: ( => current thread )
  0x000002767e684800 JavaThread "Service Thread" daemon [_thread_blocked, id=1660, stack(0x000000ac57500000,0x000000ac57600000)]
  0x000002767e5d9800 JavaThread "C1 CompilerThread2" daemon [_thread_in_native, id=12516, stack(0x000000ac57400000,0x000000ac57500000)]
  0x000002767e5d6800 JavaThread "C2 CompilerThread1" daemon [_thread_blocked, id=17644, stack(0x000000ac57300000,0x000000ac57400000)]
=>0x000002767e5d4800 JavaThread "C2 CompilerThread0" daemon [_thread_in_native, id=12140, stack(0x000000ac57200000,0x000000ac57300000)]
  0x000002767d70e000 JavaThread "JDWP Command Reader" daemon [_thread_in_native, id=8708, stack(0x000000ac57100000,0x000000ac57200000)]
  0x000002767d70c000 JavaThread "JDWP Event Helper Thread" daemon [_thread_blocked, id=13708, stack(0x000000ac57000000,0x000000ac57100000)]
  0x000002767d708800 JavaThread "JDWP Transport Listener: dt_socket" daemon [_thread_blocked, id=18572, stack(0x000000ac56f00000,0x000000ac57000000)]
  0x000002767d6e6800 JavaThread "Attach Listener" daemon [_thread_blocked, id=7420, stack(0x000000ac56e00000,0x000000ac56f00000)]
  0x000002767d6e6000 JavaThread "Signal Dispatcher" daemon [_thread_blocked, id=6020, stack(0x000000ac56d00000,0x000000ac56e00000)]
  0x000002767d6cc000 JavaThread "Finalizer" daemon [_thread_blocked, id=10204, stack(0x000000ac56c00000,0x000000ac56d00000)]
  0x000002767cf99800 JavaThread "Reference Handler" daemon [_thread_blocked, id=8568, stack(0x000000ac56b00000,0x000000ac56c00000)]
  0x000002767119c000 JavaThread "main" [_thread_in_vm, id=10160, stack(0x000000ac56500000,0x000000ac56600000)]

Other Threads:
  0x000002767d6a3800 VMThread [stack: 0x000000ac56a00000,0x000000ac56b00000] [id=4776]
  0x000002767e6b9000 WatcherThread [stack: 0x000000ac57600000,0x000000ac57700000] [id=18440]

VM state:not at safepoint (normal execution)

VM Mutex/Monitor currently owned by a thread:  ([mutex/lock_event])
[0x0000027671195bc0] SystemDictionary_lock - owner thread: 0x000002767119c000

OutOfMemory and StackOverflow Exception counts:
OutOfMemoryError java_heap_errors=1

heap address: 0x00000006c0800000, size: 4088 MB, Compressed Oops mode: Zero based, Oop shift amount: 3
Narrow klass base: 0x0000000000000000, Narrow klass shift: 3
Compressed class space size: 1073741824 Address: 0x00000007c0000000

Heap:
 PSYoungGen      total 76288K, used 9176K [0x000000076ad80000, 0x0000000770280000, 0x00000007c0000000)
  eden space 65536K, 14% used [0x000000076ad80000,0x000000076b676178,0x000000076ed80000)
  from space 10752K, 0% used [0x000000076f800000,0x000000076f800000,0x0000000770280000)
  to   space 10752K, 0% used [0x000000076ed80000,0x000000076ed80000,0x000000076f800000)
 ParOldGen       total 175104K, used 0K [0x00000006c0800000, 0x00000006cb300000, 0x000000076ad80000)
  object space 175104K, 0% used [0x00000006c0800000,0x00000006c0800000,0x00000006cb300000)
 Metaspace       used 5327K, capacity 5394K, committed 5504K, reserved 1056768K
  class space    used 580K, capacity 625K, committed 640K, reserved 1048576K

Card table byte_map: [0x0000027673180000,0x0000027673980000] byte_map_base: 0x000002766fb7c000

Marking Bits: (ParMarkBitMap*) 0x000000005fe26ff0
 Begin Bits: [0x0000027673ee0000, 0x0000027677ec0000)
 End Bits:   [0x0000027677ec0000, 0x000002767bea0000)

Polling page: 0x00000276713b0000

CodeCache: size=245760Kb used=1411Kb max_used=1411Kb free=244348Kb
 bounds [0x0000027600000000, 0x0000027600270000, 0x000002760f000000]
 total_blobs=428 nmethods=136 adapters=213
 compilation: enabled

Compilation events (10 events):
Event: 0.482 Thread 0x000002767e5d9800  131       1       java.util.jar.Manifest::getEntries (5 bytes)
Event: 0.482 Thread 0x000002767e5d9800 nmethod 131 0x000002760015bf10 code [0x000002760015c060, 0x000002760015c178]
Event: 0.482 Thread 0x000002767e5d9800  134   !   3       java.util.concurrent.ConcurrentHashMap::putVal (362 bytes)
Event: 0.483 Thread 0x000002767e5d9800 nmethod 134 0x000002760015ec90 code [0x000002760015ef80, 0x0000027600160aa0]
Event: 0.483 Thread 0x000002767e5d9800  135       3       java.lang.Character::toUpperCase (6 bytes)
Event: 0.483 Thread 0x000002767e5d9800 nmethod 135 0x000002760015b150 code [0x000002760015b2c0, 0x000002760015b560]
Event: 0.483 Thread 0x000002767e5d9800  136       3       java.lang.Character::toUpperCase (9 bytes)
Event: 0.483 Thread 0x000002767e5d9800 nmethod 136 0x000002760015acd0 code [0x000002760015ae40, 0x000002760015b080]
Event: 0.483 Thread 0x000002767e5d9800  139       3       java.util.Properties::saveConvert (434 bytes)
Event: 0.486 Thread 0x000002767e5d4800  142 %     4       java.lang.String::lastIndexOf @ 21 (52 bytes)

GC Heap History (0 events):
No events

Deoptimization events (0 events):
No events

Classes redefined (0 events):
No events

Internal exceptions (6 events):
Event: 0.064 Thread 0x000002767119c000 Exception <a 'java/lang/NoSuchMethodError': Method sun.misc.Unsafe.defineClass(Ljava/lang/String;[BII)Ljava/lang/Class; name or signature does not match> (0x000000076ad87cc0) thrown at [C:\jenkins\workspace\8-2-build-windows-amd64-cygwin\jdk8u281\880\hots
Event: 0.064 Thread 0x000002767119c000 Exception <a 'java/lang/NoSuchMethodError': Method sun.misc.Unsafe.prefetchRead(Ljava/lang/Object;J)V name or signature does not match> (0x000000076ad87fa8) thrown at [C:\jenkins\workspace\8-2-build-windows-amd64-cygwin\jdk8u281\880\hotspot\src\share\vm\p
Event: 0.472 Thread 0x000002767d6e6800 Exception <a 'java/security/PrivilegedActionException'> (0x000000076b58d3f8) thrown at [C:\jenkins\workspace\8-2-build-windows-amd64-cygwin\jdk8u281\880\hotspot\src\share\vm\prims\jvm.cpp, line 1512]
Event: 0.472 Thread 0x000002767d6e6800 Exception <a 'java/security/PrivilegedActionException'> (0x000000076b58d7f0) thrown at [C:\jenkins\workspace\8-2-build-windows-amd64-cygwin\jdk8u281\880\hotspot\src\share\vm\prims\jvm.cpp, line 1512]
Event: 0.473 Thread 0x000002767d6e6800 Exception <a 'java/security/PrivilegedActionException'> (0x000000076b591648) thrown at [C:\jenkins\workspace\8-2-build-windows-amd64-cygwin\jdk8u281\880\hotspot\src\share\vm\prims\jvm.cpp, line 1512]
Event: 0.473 Thread 0x000002767d6e6800 Exception <a 'java/security/PrivilegedActionException'> (0x000000076b591a40) thrown at [C:\jenkins\workspace\8-2-build-windows-amd64-cygwin\jdk8u281\880\hotspot\src\share\vm\prims\jvm.cpp, line 1512]

Events (10 events):
Event: 0.482 loading class org/eclipse/jdt/launching/internal/org/objectweb/asm/ByteVector
Event: 0.482 loading class org/eclipse/jdt/launching/internal/org/objectweb/asm/ByteVector done
Event: 0.483 loading class org/eclipse/jdt/launching/internal/org/objectweb/asm/Attribute
Event: 0.483 loading class org/eclipse/jdt/launching/internal/org/objectweb/asm/Attribute done
Event: 0.484 loading class org/eclipse/jdt/launching/internal/org/objectweb/asm/Context
Event: 0.484 loading class org/eclipse/jdt/launching/internal/org/objectweb/asm/Context done
Event: 0.486 loading class org/eclipse/jdt/launching/internal/org/objectweb/asm/Frame
Event: 0.486 loading class org/eclipse/jdt/launching/internal/org/objectweb/asm/Frame done
Event: 0.487 loading class org/eclipse/jdt/launching/internal/org/objectweb/asm/CurrentFrame
Event: 0.487 loading class org/eclipse/jdt/launching/internal/org/objectweb/asm/CurrentFrame done


Dynamic libraries:
0x00007ff6d7070000 - 0x00007ff6d70b7000 	C:\Program Files\Java\jre1.8.0_281\bin\javaw.exe
0x00007ff857540000 - 0x00007ff857730000 	C:\WINDOWS\SYSTEM32\ntdll.dll
0x00007ff8563a0000 - 0x00007ff856452000 	C:\WINDOWS\System32\KERNEL32.DLL
0x00007ff855150000 - 0x00007ff8553f5000 	C:\WINDOWS\System32\KERNELBASE.dll
0x0000000062250000 - 0x00000000622d9000 	C:\WINDOWS\System32\SYSFER.DLL
0x00007ff855a50000 - 0x00007ff855af3000 	C:\WINDOWS\System32\ADVAPI32.dll
0x00007ff856590000 - 0x00007ff85662e000 	C:\WINDOWS\System32\msvcrt.dll
0x00007ff855b20000 - 0x00007ff855bb7000 	C:\WINDOWS\System32\sechost.dll
0x00007ff8557c0000 - 0x00007ff8558df000 	C:\WINDOWS\System32\RPCRT4.dll
0x00007ff8555f0000 - 0x00007ff855784000 	C:\WINDOWS\System32\USER32.dll
0x00007ff854950000 - 0x00007ff854971000 	C:\WINDOWS\System32\win32u.dll
0x00007ff855a20000 - 0x00007ff855a46000 	C:\WINDOWS\System32\GDI32.dll
0x00007ff8547b0000 - 0x00007ff854948000 	C:\WINDOWS\System32\gdi32full.dll
0x00007ff855400000 - 0x00007ff85549e000 	C:\WINDOWS\System32\msvcp_win.dll
0x00007ff8544e0000 - 0x00007ff8545da000 	C:\WINDOWS\System32\ucrtbase.dll
0x00007ff841940000 - 0x00007ff841bc4000 	C:\WINDOWS\WinSxS\amd64_microsoft.windows.common-controls_6595b64144ccf1df_6.0.18362.1379_none_9e7ff3b3e45cc0c4\COMCTL32.dll
0x00007ff855d20000 - 0x00007ff856057000 	C:\WINDOWS\System32\combase.dll
0x00007ff854670000 - 0x00007ff8546f1000 	C:\WINDOWS\System32\bcryptPrimitives.dll
0x00007ff855790000 - 0x00007ff8557be000 	C:\WINDOWS\System32\IMM32.DLL
0x00007ff84e350000 - 0x00007ff84e365000 	C:\Program Files\Java\jre1.8.0_281\bin\vcruntime140.dll
0x00007ff818230000 - 0x00007ff8182cb000 	C:\Program Files\Java\jre1.8.0_281\bin\msvcp140.dll
0x000000005f640000 - 0x000000005fe9f000 	C:\Program Files\Java\jre1.8.0_281\bin\server\jvm.dll
0x00007ff856690000 - 0x00007ff856698000 	C:\WINDOWS\System32\PSAPI.DLL
0x00007ff839460000 - 0x00007ff839469000 	C:\WINDOWS\SYSTEM32\WSOCK32.dll
0x00007ff857410000 - 0x00007ff85747f000 	C:\WINDOWS\System32\WS2_32.dll
0x00007ff851640000 - 0x00007ff851664000 	C:\WINDOWS\SYSTEM32\WINMM.dll
0x00007ff84c910000 - 0x00007ff84c91a000 	C:\WINDOWS\SYSTEM32\VERSION.dll
0x00007ff851050000 - 0x00007ff85107d000 	C:\WINDOWS\SYSTEM32\WINMMBASE.dll
0x00007ff854980000 - 0x00007ff8549ca000 	C:\WINDOWS\System32\cfgmgr32.dll
0x00007ff854430000 - 0x00007ff854441000 	C:\WINDOWS\System32\kernel.appcore.dll
0x00007ff84e340000 - 0x00007ff84e350000 	C:\Program Files\Java\jre1.8.0_281\bin\verify.dll
0x00007ff823e50000 - 0x00007ff823e7b000 	C:\Program Files\Java\jre1.8.0_281\bin\java.dll
0x00007ff81ffb0000 - 0x00007ff81ffe6000 	C:\Program Files\Java\jre1.8.0_281\bin\jdwp.dll
0x00007ff84c4a0000 - 0x00007ff84c4a9000 	C:\Program Files\Java\jre1.8.0_281\bin\npt.dll
0x00007ff81ff80000 - 0x00007ff81ffb0000 	C:\Program Files\Java\jre1.8.0_281\bin\instrument.dll
0x00007ff849910000 - 0x00007ff849928000 	C:\Program Files\Java\jre1.8.0_281\bin\zip.dll
0x00007ff856cc0000 - 0x00007ff8573a8000 	C:\WINDOWS\System32\SHELL32.dll
0x00007ff856210000 - 0x00007ff8562b7000 	C:\WINDOWS\System32\shcore.dll
0x00007ff8549d0000 - 0x00007ff85514b000 	C:\WINDOWS\System32\windows.storage.dll
0x00007ff854400000 - 0x00007ff854423000 	C:\WINDOWS\System32\profapi.dll
0x00007ff854450000 - 0x00007ff85449a000 	C:\WINDOWS\System32\powrprof.dll
0x00007ff8543f0000 - 0x00007ff854400000 	C:\WINDOWS\System32\UMPDC.dll
0x00007ff8573b0000 - 0x00007ff857402000 	C:\WINDOWS\System32\shlwapi.dll
0x00007ff8544c0000 - 0x00007ff8544d7000 	C:\WINDOWS\System32\cryptsp.dll
0x00007ff83d4b0000 - 0x00007ff83d4ba000 	C:\Program Files\Java\jre1.8.0_281\bin\dt_socket.dll
0x00007ff831010000 - 0x00007ff831026000 	C:\WINDOWS\system32\napinsp.dll
0x00007ff828cc0000 - 0x00007ff828cda000 	C:\WINDOWS\system32\pnrpnsp.dll
0x00007ff853c30000 - 0x00007ff853c97000 	C:\WINDOWS\System32\mswsock.dll
0x00007ff853980000 - 0x00007ff853a4b000 	C:\WINDOWS\SYSTEM32\DNSAPI.dll
0x00007ff8562c0000 - 0x00007ff8562c8000 	C:\WINDOWS\System32\NSI.dll
0x00007ff853940000 - 0x00007ff85397a000 	C:\WINDOWS\SYSTEM32\IPHLPAPI.DLL
0x00007ff828cb0000 - 0x00007ff828cbe000 	C:\WINDOWS\System32\winrnr.dll
0x00007ff850c20000 - 0x00007ff850c3c000 	C:\WINDOWS\system32\NLAapi.dll
0x00007ff84f5c0000 - 0x00007ff84f5d5000 	C:\WINDOWS\system32\wshbth.dll
0x00007ff84b290000 - 0x00007ff84b307000 	C:\WINDOWS\System32\fwpuclnt.dll
0x00007ff854640000 - 0x00007ff854666000 	C:\WINDOWS\System32\bcrypt.dll
0x00007ff84c390000 - 0x00007ff84c39a000 	C:\Windows\System32\rasadhlp.dll
0x00007ff83f2a0000 - 0x00007ff83f494000 	C:\WINDOWS\SYSTEM32\dbghelp.dll

VM Arguments:
jvm_args: -agentlib:jdwp=transport=dt_socket,suspend=y,address=localhost:62026 -javaagent:Q:\Downloads\sts-4.9.0.RELEASE\configuration\org.eclipse.osgi\252\0\.cp\lib\javaagent-shaded.jar -Dfile.encoding=Cp1252 
java_command: com.revature.driver.ERSDriver
java_class_path (initial): C:\Users\Michael\Documents\sts\project-1---ers-app-mroszel\target\classes;C:\Users\Michael\.m2\repository\postgresql\postgresql\9.1-901.jdbc4\postgresql-9.1-901.jdbc4.jar;C:\Users\Michael\.m2\repository\log4j\log4j\1.2.17\log4j-1.2.17.jar;Q:\Downloads\sts-4.9.0.RELEASE\configuration\org.eclipse.osgi\252\0\.cp\lib\javaagent-shaded.jar
Launcher Type: SUN_STANDARD

Environment Variables:
JAVA_HOME=C:\Program Files\Java\jdk1.8.0_281
USERNAME=Michael
OS=Windows_NT
PROCESSOR_IDENTIFIER=Intel64 Family 6 Model 158 Stepping 9, GenuineIntel



---------------  S Y S T E M  ---------------

OS: Windows 10.0 , 64 bit Build 18362 (10.0.18362.1350)

CPU:total 4 (initial active 4) (4 cores per cpu, 1 threads per core) family 6 model 158 stepping 9, cmov, cx8, fxsr, mmx, sse, sse2, sse3, ssse3, sse4.1, sse4.2, popcnt, avx, avx2, aes, clmul, erms, rtm, 3dnowpref, lzcnt, tsc, tscinvbit, bmi1, bmi2, adx

Memory: 4k page, physical 16740388k(5310056k free), swap 16740388k(2056k free)

vm_info: Java HotSpot(TM) 64-Bit Server VM (25.281-b09) for windows-amd64 JRE (1.8.0_281-b09), built on Dec  9 2020 13:54:07 by "" with MS VC++ 15.9 (VS2017)

time: Mon Mar  8 12:04:01 2021
timezone: Eastern Standard Time
elapsed time: 0.516820 seconds (0d 0h 0m 0s)

