#
# There is insufficient memory for the Java Runtime Environment to continue.
# Native memory allocation (malloc) failed to allocate 1048576 bytes for AllocateHeap
# Possible reasons:
#   The system is out of physical RAM or swap space
#   The process is running with CompressedOops enabled, and the Java Heap may be blocking the growth of the native heap
# Possible solutions:
#   Reduce memory load on the system
#   Increase physical memory or swap space
#   Check if swap backing store is full
#   Decrease Java heap size (-Xmx/-Xms)
#   Decrease number of Java threads
#   Decrease Java thread stack sizes (-Xss)
#   Set larger code cache with -XX:ReservedCodeCacheSize=
#   JVM is running with Zero Based Compressed Oops mode in which the Java heap is
#     placed in the first 32GB address space. The Java Heap base address is the
#     maximum limit for the native heap growth. Please use -XX:HeapBaseMinAddress
#     to set the Java Heap base and to place the Java Heap above 32GB virtual address.
# This output file may be truncated or incomplete.
#
#  Out of Memory Error (memory/allocation.inline.hpp:61), pid=11752, tid=0x0000000000002b88
#
# JRE version:  (8.0_281-b09) (build )
# Java VM: Java HotSpot(TM) 64-Bit Server VM (25.281-b09 mixed mode windows-amd64 compressed oops)
# Failed to write core dump. Minidumps are not enabled by default on client versions of Windows
#

---------------  T H R E A D  ---------------

Current thread (0x000002bd8d87c000):  JavaThread "Unknown thread" [_thread_in_vm, id=11144, stack(0x000000ef07200000,0x000000ef07300000)]

Stack: [0x000000ef07200000,0x000000ef07300000]
Native frames: (J=compiled Java code, j=interpreted, Vv=VM code, C=native code)
V  [jvm.dll+0x32e5b9]
V  [jvm.dll+0x275012]
V  [jvm.dll+0x275cbd]
V  [jvm.dll+0x26c6f5]
V  [jvm.dll+0x509d]
V  [jvm.dll+0x3d2b23]
V  [jvm.dll+0x3d3538]
V  [jvm.dll+0xfcaaf]
V  [jvm.dll+0x209a1b]
V  [jvm.dll+0x2383d7]
V  [jvm.dll+0x162566]
C  [javaw.exe+0x2322]
C  [javaw.exe+0x16544]
C  [KERNEL32.DLL+0x17c24]
C  [ntdll.dll+0x6d721]


---------------  P R O C E S S  ---------------

Java Threads: ( => current thread )

Other Threads:

=>0x000002bd8d87c000 (exited) JavaThread "Unknown thread" [_thread_in_vm, id=11144, stack(0x000000ef07200000,0x000000ef07300000)]

VM state:not at safepoint (normal execution)

VM Mutex/Monitor currently owned by a thread: None

heap address: 0x00000006c0800000, size: 4088 MB, Compressed Oops mode: Zero based, Oop shift amount: 3
Narrow klass base: 0x0000000000000000, Narrow klass shift: 3
Compressed class space size: 1073741824 Address: 0x00000007c0000000

Heap:
 PSYoungGen      total 76288K, used 1310K [0x000000076ad80000, 0x0000000770280000, 0x00000007c0000000)
  eden space 65536K, 2% used [0x000000076ad80000,0x000000076aec7af0,0x000000076ed80000)
  from space 10752K, 0% used [0x000000076f800000,0x000000076f800000,0x0000000770280000)
  to   space 10752K, 0% used [0x000000076ed80000,0x000000076ed80000,0x000000076f800000)
 ParOldGen       total 175104K, used 0K [0x00000006c0800000, 0x00000006cb300000, 0x000000076ad80000)
  object space 175104K, 0% used [0x00000006c0800000,0x00000006c0800000,0x00000006cb300000)
 Metaspace       used 764K, capacity 4480K, committed 4480K, reserved 1056768K
  class space    used 76K, capacity 384K, committed 384K, reserved 1048576K

Card table byte_map: [0x000002bd9e720000,0x000002bd9ef20000] byte_map_base: 0x000002bd9b11c000

Marking Bits: (ParMarkBitMap*) 0x000000005fe26ff0
 Begin Bits: [0x000002bd9f480000, 0x000002bda3460000)
 End Bits:   [0x000002bda3460000, 0x000002bda7440000)

Polling page: 0x000002bd8d820000

CodeCache: size=245760Kb used=328Kb max_used=328Kb free=245431Kb
 bounds [0x000002bd8f360000, 0x000002bd8f5d0000, 0x000002bd9e360000]
 total_blobs=58 nmethods=0 adapters=38
 compilation: enabled

Compilation events (0 events):
No events

GC Heap History (0 events):
No events

Deoptimization events (0 events):
No events

Classes redefined (0 events):
No events

Internal exceptions (0 events):
No events

Events (10 events):
Event: 0.030 loading class java/lang/Short
Event: 0.030 loading class java/lang/Short done
Event: 0.030 loading class java/lang/Integer
Event: 0.030 loading class java/lang/Integer done
Event: 0.030 loading class java/lang/Long
Event: 0.030 loading class java/lang/Long done
Event: 0.031 loading class java/lang/NullPointerException
Event: 0.031 loading class java/lang/NullPointerException done
Event: 0.031 loading class java/lang/ArithmeticException
Event: 0.031 loading class java/lang/ArithmeticException done


Dynamic libraries:
0x00007ff6d7070000 - 0x00007ff6d70b7000 	C:\Program Files\Java\jre1.8.0_281\bin\javaw.exe
0x00007ff857540000 - 0x00007ff857730000 	C:\WINDOWS\SYSTEM32\ntdll.dll
0x00007ff8563a0000 - 0x00007ff856452000 	C:\WINDOWS\System32\KERNEL32.DLL
0x00007ff855150000 - 0x00007ff8553f5000 	C:\WINDOWS\System32\KERNELBASE.dll
0x0000000062250000 - 0x00000000622d9000 	C:\WINDOWS\System32\SYSFER.DLL
0x00007ff855a50000 - 0x00007ff855af3000 	C:\WINDOWS\System32\ADVAPI32.dll
0x00007ff856590000 - 0x00007ff85662e000 	C:\WINDOWS\System32\msvcrt.dll
0x00007ff855b20000 - 0x00007ff855bb7000 	C:\WINDOWS\System32\sechost.dll
0x00007ff8557c0000 - 0x00007ff8558df000 	C:\WINDOWS\System32\RPCRT4.dll
0x00007ff8555f0000 - 0x00007ff855784000 	C:\WINDOWS\System32\USER32.dll
0x00007ff854950000 - 0x00007ff854971000 	C:\WINDOWS\System32\win32u.dll
0x00007ff855a20000 - 0x00007ff855a46000 	C:\WINDOWS\System32\GDI32.dll
0x00007ff8547b0000 - 0x00007ff854948000 	C:\WINDOWS\System32\gdi32full.dll
0x00007ff855400000 - 0x00007ff85549e000 	C:\WINDOWS\System32\msvcp_win.dll
0x00007ff8544e0000 - 0x00007ff8545da000 	C:\WINDOWS\System32\ucrtbase.dll
0x00007ff841940000 - 0x00007ff841bc4000 	C:\WINDOWS\WinSxS\amd64_microsoft.windows.common-controls_6595b64144ccf1df_6.0.18362.1379_none_9e7ff3b3e45cc0c4\COMCTL32.dll
0x00007ff855d20000 - 0x00007ff856057000 	C:\WINDOWS\System32\combase.dll
0x00007ff854670000 - 0x00007ff8546f1000 	C:\WINDOWS\System32\bcryptPrimitives.dll
0x00007ff855790000 - 0x00007ff8557be000 	C:\WINDOWS\System32\IMM32.DLL
0x00007ff84e350000 - 0x00007ff84e365000 	C:\Program Files\Java\jre1.8.0_281\bin\vcruntime140.dll
0x00007ff818230000 - 0x00007ff8182cb000 	C:\Program Files\Java\jre1.8.0_281\bin\msvcp140.dll
0x000000005f640000 - 0x000000005fe9f000 	C:\Program Files\Java\jre1.8.0_281\bin\server\jvm.dll
0x00007ff856690000 - 0x00007ff856698000 	C:\WINDOWS\System32\PSAPI.DLL
0x00007ff839460000 - 0x00007ff839469000 	C:\WINDOWS\SYSTEM32\WSOCK32.dll
0x00007ff857410000 - 0x00007ff85747f000 	C:\WINDOWS\System32\WS2_32.dll
0x00007ff851640000 - 0x00007ff851664000 	C:\WINDOWS\SYSTEM32\WINMM.dll
0x00007ff84c910000 - 0x00007ff84c91a000 	C:\WINDOWS\SYSTEM32\VERSION.dll
0x00007ff851050000 - 0x00007ff85107d000 	C:\WINDOWS\SYSTEM32\WINMMBASE.dll
0x00007ff854980000 - 0x00007ff8549ca000 	C:\WINDOWS\System32\cfgmgr32.dll
0x00007ff854430000 - 0x00007ff854441000 	C:\WINDOWS\System32\kernel.appcore.dll
0x00007ff84e340000 - 0x00007ff84e350000 	C:\Program Files\Java\jre1.8.0_281\bin\verify.dll
0x00007ff823e50000 - 0x00007ff823e7b000 	C:\Program Files\Java\jre1.8.0_281\bin\java.dll
0x00007ff81ffb0000 - 0x00007ff81ffe6000 	C:\Program Files\Java\jre1.8.0_281\bin\jdwp.dll
0x00007ff84c4a0000 - 0x00007ff84c4a9000 	C:\Program Files\Java\jre1.8.0_281\bin\npt.dll
0x00007ff81ff80000 - 0x00007ff81ffb0000 	C:\Program Files\Java\jre1.8.0_281\bin\instrument.dll
0x00007ff849910000 - 0x00007ff849928000 	C:\Program Files\Java\jre1.8.0_281\bin\zip.dll
0x00007ff83f2a0000 - 0x00007ff83f494000 	C:\WINDOWS\SYSTEM32\dbghelp.dll

VM Arguments:
jvm_args: -agentlib:jdwp=transport=dt_socket,suspend=y,address=localhost:62032 -javaagent:Q:\Downloads\sts-4.9.0.RELEASE\configuration\org.eclipse.osgi\252\0\.cp\lib\javaagent-shaded.jar -Dfile.encoding=Cp1252 
java_command: com.revature.driver.ERSDriver
java_class_path (initial): C:\Users\Michael\Documents\sts\project-1---ers-app-mroszel\target\classes;C:\Users\Michael\.m2\repository\postgresql\postgresql\9.1-901.jdbc4\postgresql-9.1-901.jdbc4.jar;C:\Users\Michael\.m2\repository\log4j\log4j\1.2.17\log4j-1.2.17.jar;Q:\Downloads\sts-4.9.0.RELEASE\configuration\org.eclipse.osgi\252\0\.cp\lib\javaagent-shaded.jar
Launcher Type: SUN_STANDARD

Environment Variables:
JAVA_HOME=C:\Program Files\Java\jdk1.8.0_281
USERNAME=Michael
OS=Windows_NT
PROCESSOR_IDENTIFIER=Intel64 Family 6 Model 158 Stepping 9, GenuineIntel



---------------  S Y S T E M  ---------------

OS: Windows 10.0 , 64 bit Build 18362 (10.0.18362.1350)

CPU:total 4 (initial active 4) (4 cores per cpu, 1 threads per core) family 6 model 158 stepping 9, cmov, cx8, fxsr, mmx, sse, sse2, sse3, ssse3, sse4.1, sse4.2, popcnt, avx, avx2, aes, clmul, erms, rtm, 3dnowpref, lzcnt, tsc, tscinvbit, bmi1, bmi2, adx

Memory: 4k page, physical 16740388k(5312004k free), swap 16740388k(5140k free)

vm_info: Java HotSpot(TM) 64-Bit Server VM (25.281-b09) for windows-amd64 JRE (1.8.0_281-b09), built on Dec  9 2020 13:54:07 by "" with MS VC++ 15.9 (VS2017)

time: Mon Mar  8 12:04:12 2021
timezone: Eastern Standard Time
elapsed time: 0.049550 seconds (0d 0h 0m 0s)

